2021-06-05 04:23:45,974 DEBUG    root            Loaded Command Group: ['gcloud', 'version']
2021-06-05 04:23:45,977 DEBUG    root            Running [gcloud.version] with arguments: [--format: "json"]
2021-06-05 04:23:46,026 INFO     root            Display format: "flattened[no-pad,separator=" "] json"
2021-06-05 04:23:46,227 INFO     ___FILE_ONLY___ {
  "Google Cloud SDK": "340.0.0",
  "alpha": "2021.05.07",
  "app-engine-go": "1.9.71",
  "app-engine-java": "1.9.88",
  "app-engine-python": "1.9.91",
  "app-engine-python-extras": "1.9.91",
  "beta": "2021.05.07",
  "bigtable": "",
  "bq": "2.0.67",
  "cbt": "0.9.0",
  "cloud-build-local": "0.5.2",
  "cloud-datastore-emulator": "2.1.0",
  "core": "2021.05.07",
  "datalab": "20190610",
  "gsutil": "4.61",
  "kind": "0.7.0",
  "kpt": "0.39.2",
  "local-extract": "1.0.0",
  "minikube": "1.19.0",
  "pubsub-emulator": "0.4.0",
  "skaffold": "1.23.0"
}
2021-06-05 04:23:46,227 INFO     ___FILE_ONLY___ 

