2021-06-12 13:36:02,298 DEBUG    root            Loaded Command Group: ['gcloud', 'version']
2021-06-12 13:36:02,301 DEBUG    root            Running [gcloud.version] with arguments: [--format: "json"]
2021-06-12 13:36:02,349 INFO     root            Display format: "flattened[no-pad,separator=" "] json"
2021-06-12 13:36:02,350 INFO     ___FILE_ONLY___ {
  "Google Cloud SDK": "344.0.0",
  "alpha": "2021.06.04",
  "app-engine-go": "1.9.71",
  "app-engine-java": "1.9.89",
  "app-engine-python": "1.9.93",
  "app-engine-python-extras": "1.9.93",
  "beta": "2021.06.04",
  "bigtable": "",
  "bq": "2.0.69",
  "cbt": "0.9.0",
  "cloud-build-local": "0.5.2",
  "cloud-datastore-emulator": "2.1.0",
  "core": "2021.06.04",
  "datalab": "20190610",
  "gsutil": "4.62",
  "kind": "0.7.0",
  "kpt": "0.39.2",
  "local-extract": "1.0.0",
  "minikube": "1.20.0",
  "pubsub-emulator": "0.4.1",
  "skaffold": "1.25.0"
}
2021-06-12 13:36:02,350 INFO     ___FILE_ONLY___ 

